<?xml version="1.0" encoding="UTF-8"?>
<!-- Generated by org.testng.reporters.JUnitReportReporter -->
<testsuite hostname="Baskars-MacBook-Air.local" failures="0" tests="1" name="testdata.Tc2" time="5.460" errors="0" timestamp="2024-02-28T17:34:44 IST" skipped="0">
  <testcase classname="testdata.Tc2" name="startdrow" time="5.460"/>
  <system-out/>
</testsuite> <!-- testdata.Tc2 -->
