<?xml version="1.0" encoding="UTF-8"?>
<!-- Generated by org.testng.reporters.JUnitReportReporter -->
<testsuite hostname="Baskars-MacBook-Air.local" failures="0" tests="1" name="testdata.Tc3" time="6.106" errors="0" timestamp="2024-02-28T16:59:58 IST" skipped="0">
  <testcase classname="testdata.Tc3" name="startdrow" time="6.106"/>
  <system-out/>
</testsuite> <!-- testdata.Tc3 -->
