<?xml version="1.0" encoding="UTF-8"?>
<!-- Generated by org.testng.reporters.JUnitReportReporter -->
<testsuite hostname="Baskars-MacBook-Air.local" failures="0" tests="1" name="testdata.Tc3" time="5.276" errors="0" timestamp="2024-02-28T17:06:07 IST" skipped="0">
  <testcase classname="testdata.Tc3" name="startdrow" time="5.276"/>
  <system-out/>
</testsuite> <!-- testdata.Tc3 -->
