<?xml version="1.0" encoding="UTF-8"?>
<!-- Generated by org.testng.reporters.JUnitReportReporter -->
<testsuite skipped="0" hostname="Baskars-MacBook-Air.local" name="Hello.Keyboard" tests="1" failures="0" timestamp="2024-02-16T20:12:40 IST" time="3.834" errors="0">
  <testcase name="pro" time="3.834" classname="Hello.Keyboard"/>
  <system-out/>
</testsuite> <!-- Hello.Keyboard -->
