<?xml version="1.0" encoding="UTF-8"?>
<!-- Generated by org.testng.reporters.JUnitReportReporter -->
<testsuite skipped="0" hostname="Baskars-MacBook-Air.local" name="pages.tc01" tests="1" failures="0" timestamp="2024-02-16T20:13:15 IST" time="2.831" errors="0">
  <testcase name="tc001reg" time="2.831" classname="pages.tc01"/>
  <system-out/>
</testsuite> <!-- pages.tc01 -->
