<?xml version="1.0" encoding="UTF-8"?>
<!-- Generated by org.testng.reporters.JUnitReportReporter -->
<testsuite skipped="0" hostname="Baskars-MacBook-Air.local" name="Hello.Keyboardcombination" tests="1" failures="0" timestamp="2024-02-16T20:13:10 IST" time="3.297" errors="0">
  <testcase name="pro" time="3.297" classname="Hello.Keyboardcombination"/>
  <system-out/>
</testsuite> <!-- Hello.Keyboardcombination -->
