<?xml version="1.0" encoding="UTF-8"?>
<!-- Generated by org.testng.reporters.JUnitReportReporter -->
<testsuite skipped="0" hostname="Baskars-MacBook-Air.local" name="Hello.Explicit_wait" tests="1" failures="0" timestamp="2024-02-16T20:13:05 IST" time="10.376" errors="0">
  <testcase name="check" time="10.376" classname="Hello.Explicit_wait"/>
  <system-out/>
</testsuite> <!-- Hello.Explicit_wait -->
