<?xml version="1.0" encoding="UTF-8"?>
<!-- Generated by org.testng.reporters.JUnitReportReporter -->
<testsuite hostname="Baskars-MacBook-Air.local" failures="0" tests="1" name="Hello.Mouse" time="4.845" errors="0" timestamp="2024-02-28T15:11:44 IST" skipped="0">
  <testcase classname="Hello.Mouse" name="pro" time="4.845"/>
  <system-out>
    <![CDATA[<a href="/Users/baskardeepu/Test Automation/Chrome/./screenshot/mouseWedFeb28151115IST2024.doc"><p align="left">screen </p>]]>
  </system-out>
</testsuite> <!-- Hello.Mouse -->
