<?xml version="1.0" encoding="UTF-8"?>
<!-- Generated by org.testng.reporters.JUnitReportReporter -->
<testsuite skipped="0" hostname="Baskars-MacBook-Air.local" name="Hello.TestBox" tests="1" failures="0" timestamp="2024-02-16T20:12:30 IST" time="3.346" errors="0">
  <testcase name="check" time="3.346" classname="Hello.TestBox"/>
  <system-out/>
</testsuite> <!-- Hello.TestBox -->
