<?xml version="1.0" encoding="UTF-8"?>
<!-- Generated by org.testng.reporters.JUnitReportReporter -->
<testsuite skipped="0" hostname="Baskars-MacBook-Air.local" name="Hello.Mouse_newtab" tests="1" failures="0" timestamp="2024-02-16T20:12:35 IST" time="4.796" errors="0">
  <testcase name="pro" time="4.796" classname="Hello.Mouse_newtab"/>
  <system-out/>
</testsuite> <!-- Hello.Mouse_newtab -->
