<?xml version="1.0" encoding="UTF-8"?>
<!-- Generated by org.testng.reporters.JUnitReportReporter -->
<testsuite skipped="0" hostname="Baskars-MacBook-Air.local" name="Hello.C" tests="1" failures="0" timestamp="2024-02-16T20:12:55 IST" time="3.508" errors="0">
  <testcase name="check" time="3.508" classname="Hello.C"/>
  <system-out/>
</testsuite> <!-- Hello.C -->
