<?xml version="1.0" encoding="UTF-8"?>
<!-- Generated by org.testng.reporters.JUnitReportReporter -->
<testsuite skipped="0" hostname="Baskars-MacBook-Air.local" name="Hello.find" tests="1" failures="0" timestamp="2024-02-20T18:01:38 IST" time="9.633" errors="0">
  <testcase name="voiddemotc" time="9.633" classname="Hello.find"/>
  <system-out/>
</testsuite> <!-- Hello.find -->
